<?xml version="1.0" encoding="UTF-8" ?>
<testsuite tests="4" failures="0" name="ar.edu.unlam.tallerweb1.controladores.ControladorEnviarAutoAMenteniminetoTest" time="0.052" errors="0" skipped="0">
  <properties>
[...]
</properties>
  <testcase classname="ar.edu.unlam.tallerweb1.controladores.ControladorEnviarAutoAMenteniminetoTest" name="cuandoUnAutoLlegaAUnKilometrajeDefinidoDebeSerEnviadoAMantenimientoCorrectamente" time="0.047"/>
  <testcase classname="ar.edu.unlam.tallerweb1.controladores.ControladorEnviarAutoAMenteniminetoTest" name="queUnUsuarioSinRolDeAdministradorNoPuedaEnviarUnaAutoAMantenimiento" time="0"/>
  <testcase classname="ar.edu.unlam.tallerweb1.controladores.ControladorEnviarAutoAMenteniminetoTest" name="queUnUsuarioConRolDeAdministradorPuedaEnviarUnAutoAMantenimiento" time="0"/>
  <testcase classname="ar.edu.unlam.tallerweb1.controladores.ControladorEnviarAutoAMenteniminetoTest" name="queNoSePuedaEnviarAlMismoAutoDosVecesAMantenimiento" time="0.005"/>
</testsuite>